<?xml version="1.0" encoding="UTF-8"?>
<!-- Generated by org.testng.reporters.JUnitReportReporter -->
<testsuite hostname="DESKTOP-6NI18F4" failures="0" tests="1" name="com.crm.qa.testcases.LoginPageTest" time="8.363" errors="0" timestamp="26 Jan 2022 06:59:32 GMT" skipped="0">
  <testcase classname="com.crm.qa.testcases.LoginPageTest" name="loginTest" time="8.363"/>
</testsuite> <!-- com.crm.qa.testcases.LoginPageTest -->
