<?xml version="1.0" encoding="UTF-8"?>
<!-- Generated by org.testng.reporters.JUnitReportReporter -->
<testsuite hostname="DESKTOP-6NI18F4" failures="0" tests="1" name="com.crm.qa.testcases.HomePageTest1" time="12.896" errors="0" timestamp="15 Jan 2022 14:23:31 GMT" skipped="0">
  <testcase classname="com.crm.qa.testcases.HomePageTest1" name="MastersTabHover" time="12.896"/>
</testsuite> <!-- com.crm.qa.testcases.HomePageTest1 -->
