<?xml version="1.0" encoding="UTF-8"?>
<!-- Generated by org.testng.reporters.JUnitReportReporter -->
<testsuite hostname="DESKTOP-6NI18F4" failures="0" tests="1" name="com.crm.qa.testcases.HomePageTest1" time="12.685" errors="0" timestamp="05 Mar 2022 14:40:40 GMT" skipped="0">
  <testcase classname="com.crm.qa.testcases.HomePageTest1" name="MastersTabHover" time="12.685"/>
</testsuite> <!-- com.crm.qa.testcases.HomePageTest1 -->
