<?xml version="1.0" encoding="UTF-8"?>
<!-- Generated by org.testng.reporters.JUnitReportReporter -->
<testsuite hostname="DESKTOP-6NI18F4" failures="0" tests="6" name="com.ExcelTestcases.ReadExcelDataProvider_TestCases" time="34.735" errors="0" timestamp="2022-03-14T21:01:47 IST" skipped="1">
  <testcase classname="com.ExcelTestcases.ReadExcelDataProvider_TestCases" name="ReadExcel" time="6.025"/>
  <system-out/>
  <testcase classname="com.ExcelTestcases.ReadExcelDataProvider_TestCases" name="ReadExcel" time="10.719"/>
  <system-out/>
  <testcase classname="com.ExcelTestcases.ReadExcelDataProvider_TestCases" name="ReadExcel" time="6.153"/>
  <system-out/>
  <testcase classname="com.ExcelTestcases.ReadExcelDataProvider_TestCases" name="ReadExcel" time="6.073"/>
  <system-out/>
  <testcase classname="com.ExcelTestcases.ReadExcelDataProvider_TestCases" name="ReadExcel" time="5.765"/>
  <system-out/>
  <testcase classname="com.ExcelTestcases.ReadExcelDataProvider_TestCases" name="BhimanTitleTest">
    <skipped/>
  </testcase> <!-- BhimanTitleTest -->
  <system-out/>
</testsuite> <!-- com.ExcelTestcases.ReadExcelDataProvider_TestCases -->
