<?xml version="1.0" encoding="UTF-8"?>
<!-- Generated by org.testng.reporters.JUnitReportReporter -->
<testsuite hostname="DESKTOP-6NI18F4" failures="0" tests="1" name="com.crm.qa.testcases.BanksPageTest" time="10.569" errors="0" timestamp="27 Jan 2022 13:52:03 GMT" skipped="0">
  <testcase classname="com.crm.qa.testcases.BanksPageTest" name="addbankBtnTest" time="10.569"/>
</testsuite> <!-- com.crm.qa.testcases.BanksPageTest -->
