<?xml version="1.0" encoding="UTF-8"?>
<!-- Generated by org.testng.reporters.JUnitReportReporter -->
<testsuite hostname="DESKTOP-6NI18F4" failures="0" tests="2" name="com.crm.qa.testcases.AddBankTest" time="0.000" errors="0" timestamp="05 Mar 2022 02:59:38 GMT" skipped="2">
  <testcase classname="com.crm.qa.testcases.AddBankTest" name="enterbankdetails" time="0.000">
    <skipped/>
  </testcase> <!-- enterbankdetails -->
  <testcase classname="com.crm.qa.testcases.AddBankTest" name="enterbankdetails">
    <skipped/>
  </testcase> <!-- enterbankdetails -->
</testsuite> <!-- com.crm.qa.testcases.AddBankTest -->
