<?xml version="1.0" encoding="UTF-8"?>
<!-- Generated by org.testng.reporters.JUnitReportReporter -->
<testsuite hostname="DESKTOP-6NI18F4" failures="0" tests="1" name="com.crm.qa.testcases.LoginPageTest" time="6.590" errors="0" timestamp="2022-03-12T13:38:40 IST" skipped="0">
  <testcase classname="com.crm.qa.testcases.LoginPageTest" name="loginPageTitleTest" time="6.590"/>
  <system-out/>
</testsuite> <!-- com.crm.qa.testcases.LoginPageTest -->
