<?xml version="1.0" encoding="UTF-8"?>
<!-- Generated by org.testng.reporters.JUnitReportReporter -->
<testsuite hostname="DESKTOP-6NI18F4" failures="0" tests="1" name="com.ExcelTestcases.DataProviderWithExcel_TestCaseRow" time="6.030" errors="0" timestamp="2022-03-14T10:43:54 IST" skipped="0">
  <testcase classname="com.ExcelTestcases.DataProviderWithExcel_TestCaseRow" name="Registration_data" time="6.030"/>
  <system-out/>
</testsuite> <!-- com.ExcelTestcases.DataProviderWithExcel_TestCaseRow -->
