<?xml version="1.0" encoding="UTF-8"?>
<!-- Generated by org.testng.reporters.JUnitReportReporter -->
<testsuite hostname="DESKTOP-6NI18F4" failures="0" tests="1" name="com.crm.qa.testcases.BanksPageTest" time="11.986" errors="0" timestamp="05 Mar 2022 02:59:38 GMT" skipped="0">
  <testcase classname="com.crm.qa.testcases.BanksPageTest" name="addbankBtnTest" time="11.986"/>
</testsuite> <!-- com.crm.qa.testcases.BanksPageTest -->
