<?xml version="1.0" encoding="UTF-8"?>
<!-- Generated by org.testng.reporters.JUnitReportReporter -->
<testsuite hostname="DESKTOP-6NI18F4" failures="0" tests="1" name="com.crm.qa.testcases.BanksPageTest" time="13.505" errors="0" timestamp="2022-03-12T19:47:25 IST" skipped="0">
  <testcase classname="com.crm.qa.testcases.BanksPageTest" name="addbankBtnTest" time="13.505"/>
  <system-out/>
</testsuite> <!-- com.crm.qa.testcases.BanksPageTest -->
