<?xml version="1.0" encoding="UTF-8"?>
<!-- Generated by org.testng.reporters.JUnitReportReporter -->
<testsuite hostname="DESKTOP-6NI18F4" failures="0" tests="1" name="com.ExcelTestcases.ReadGuru99ExcelFile_TestCaseas" time="1.113" errors="0" timestamp="2022-03-14T20:59:43 IST" skipped="0">
  <testcase classname="com.ExcelTestcases.ReadGuru99ExcelFile_TestCaseas" name="ReadExcelFile" time="1.113"/>
  <system-out/>
</testsuite> <!-- com.ExcelTestcases.ReadGuru99ExcelFile_TestCaseas -->
