<?xml version="1.0" encoding="UTF-8"?>
<!-- Generated by org.testng.reporters.JUnitReportReporter -->
<testsuite hostname="DESKTOP-6NI18F4" failures="0" tests="1" name="com.crm.qa.testcases.AddBankTest" time="0.000" errors="0" timestamp="27 Jan 2022 11:55:57 GMT" skipped="1">
  <testcase classname="com.crm.qa.testcases.AddBankTest" name="enterbankdetails" time="0.000">
    <skipped/>
  </testcase> <!-- enterbankdetails -->
</testsuite> <!-- com.crm.qa.testcases.AddBankTest -->
