<?xml version="1.0" encoding="UTF-8"?>
<!-- Generated by org.testng.reporters.JUnitReportReporter -->
<testsuite hostname="DESKTOP-6NI18F4" failures="0" tests="1" name="com.crm.qa.testcases.HomePageTest1" time="17.216" errors="0" timestamp="21 Jan 2022 17:20:26 GMT" skipped="0">
  <testcase classname="com.crm.qa.testcases.HomePageTest1" name="MastersTabHover" time="17.216"/>
</testsuite> <!-- com.crm.qa.testcases.HomePageTest1 -->
