<?xml version="1.0" encoding="UTF-8"?>
<!-- Generated by org.testng.reporters.JUnitReportReporter -->
<testsuite hostname="DESKTOP-6NI18F4" failures="0" tests="2" name="com.crm.qa.testcases.AddBankTest" time="32.100" errors="0" timestamp="16 Jan 2022 12:01:02 GMT" skipped="0">
  <testcase classname="com.crm.qa.testcases.AddBankTest" name="enterbankdetails" time="16.557"/>
  <testcase classname="com.crm.qa.testcases.AddBankTest" name="enterbankdetails" time="15.543"/>
</testsuite> <!-- com.crm.qa.testcases.AddBankTest -->
