<?xml version="1.0" encoding="UTF-8"?>
<!-- Generated by org.testng.reporters.JUnitReportReporter -->
<testsuite hostname="DESKTOP-6NI18F4" failures="0" tests="1" name="com.crm.qa.testcases.LoginPageTest" time="8.164" errors="0" timestamp="2022-03-10T17:45:35 IST" skipped="0">
  <testcase classname="com.crm.qa.testcases.LoginPageTest" name="loginTest" time="8.164"/>
  <system-out/>
</testsuite> <!-- com.crm.qa.testcases.LoginPageTest -->
