<?xml version="1.0" encoding="UTF-8"?>
<!-- Generated by org.testng.reporters.JUnitReportReporter -->
<testsuite hostname="DESKTOP-6NI18F4" failures="0" tests="1" name="com.ExcelTestcases.DataProviderWithExcel_001" time="10.851" errors="0" timestamp="2022-03-14T10:31:37 IST" skipped="0">
  <testcase classname="com.ExcelTestcases.DataProviderWithExcel_001" name="Registration_data" time="10.851"/>
  <system-out/>
</testsuite> <!-- com.ExcelTestcases.DataProviderWithExcel_001 -->
